2025-11-01 14:02:01.049 [info] Reading sessions from keychain...
2025-11-01 14:02:01.049 [info] Getting sessions for all scopes...
2025-11-01 14:02:01.068 [info] Got stored sessions!
2025-11-01 14:02:01.068 [info] Got 2 verified sessions.
2025-11-01 14:02:01.068 [info] Got 2 sessions for ...
2025-11-01 14:02:01.068 [info] Getting sessions for all scopes...
2025-11-01 14:02:01.068 [info] Got 2 sessions for ...
2025-11-01 14:02:01.068 [info] Getting sessions for all scopes...
2025-11-01 14:02:01.068 [info] Got 2 sessions for ...
2025-11-01 14:02:01.068 [info] Getting sessions for all scopes...
2025-11-01 14:02:01.068 [info] Got 2 sessions for ...
2025-11-01 14:02:01.068 [info] Getting sessions for all scopes...
2025-11-01 14:02:01.068 [info] Got 2 sessions for ...
2025-11-01 14:02:01.068 [info] Getting sessions for all scopes...
2025-11-01 14:02:01.068 [info] Got 2 sessions for ...
2025-11-01 14:02:01.068 [info] Getting sessions for all scopes...
2025-11-01 14:02:01.068 [info] Got 2 sessions for ...
2025-11-01 14:02:01.070 [info] Getting sessions for all scopes...
2025-11-01 14:02:01.070 [info] Got 2 sessions for ...
2025-11-01 14:02:01.070 [info] Getting sessions for all scopes...
2025-11-01 14:02:01.070 [info] Got 2 sessions for ...
2025-11-01 14:02:01.070 [info] Getting sessions for all scopes...
2025-11-01 14:02:01.070 [info] Got 2 sessions for ...
2025-11-01 14:02:01.070 [info] Getting sessions for all scopes...
2025-11-01 14:02:01.070 [info] Got 2 sessions for ...
2025-11-01 14:02:01.073 [info] Getting sessions for all scopes...
2025-11-01 14:02:01.073 [info] Got 2 sessions for ...
2025-11-01 14:02:01.074 [info] Getting sessions for all scopes...
2025-11-01 14:02:01.074 [info] Got 2 sessions for ...
2025-11-01 14:02:01.119 [info] Getting sessions for all scopes...
2025-11-01 14:02:01.119 [info] Got 2 sessions for ...
2025-11-01 14:02:02.156 [info] Getting sessions for user:email...
2025-11-01 14:02:02.156 [info] Got 1 sessions for user:email...
2025-11-01 14:02:02.201 [info] Getting sessions for all scopes...
2025-11-01 14:02:02.201 [info] Got 2 sessions for ...
2025-11-01 14:02:02.264 [info] Getting sessions for all scopes...
2025-11-01 14:02:02.264 [info] Got 2 sessions for ...
2025-11-01 14:02:02.265 [info] Getting sessions for all scopes...
2025-11-01 14:02:02.265 [info] Got 2 sessions for ...
2025-11-01 14:02:02.265 [info] Getting sessions for all scopes...
2025-11-01 14:02:02.265 [info] Got 2 sessions for ...
2025-11-01 14:02:03.147 [info] FetcherService: Electron fetch failed with status: 429 
2025-11-01 14:02:04.324 [info] FetcherService: Node fetch failed with status: 429 Too Many Requests
2025-11-01 14:02:06.258 [info] FetcherService: Node http/s failed with status: 429 Too Many Requests
