2025-11-01 14:07:46.287 [info] Extension host with pid 27755 started
2025-11-01 14:07:46.505 [info] ExtensionService#_doActivateExtension vscode.github-authentication, startup: false, activationEvent: 'onAuthenticationRequest:github'
2025-11-01 14:07:46.544 [info] ExtensionService#_doActivateExtension vscode.emmet, startup: false, activationEvent: 'onLanguage'
2025-11-01 14:07:46.635 [info] ExtensionService#_doActivateExtension vscode.git-base, startup: true, activationEvent: '*'
2025-11-01 14:07:46.658 [info] ExtensionService#_doActivateExtension vscode.github, startup: true, activationEvent: '*'
2025-11-01 14:07:46.759 [info] Eager extensions activated
2025-11-01 14:07:46.768 [info] ExtensionService#_doActivateExtension vscode.debug-auto-launch, startup: false, activationEvent: 'onStartupFinished'
2025-11-01 14:07:46.770 [info] ExtensionService#_doActivateExtension vscode.merge-conflict, startup: false, activationEvent: 'onStartupFinished'
2025-11-01 14:07:46.805 [info] ExtensionService#_doActivateExtension Catppuccin.catppuccin-vsc, startup: false, activationEvent: 'onStartupFinished'
2025-11-01 14:07:46.812 [info] ExtensionService#_doActivateExtension esbenp.prettier-vscode, startup: false, activationEvent: 'onStartupFinished'
2025-11-01 14:07:46.902 [info] ExtensionService#_doActivateExtension PKief.material-icon-theme, startup: false, activationEvent: 'onStartupFinished'
2025-11-01 14:07:46.949 [info] ExtensionService#_doActivateExtension streetsidesoftware.code-spell-checker, startup: false, activationEvent: 'onStartupFinished'
2025-11-01 14:07:48.083 [info] ExtensionService#_doActivateExtension vscode.configuration-editing, startup: false, activationEvent: 'onLanguage:jsonc'
2025-11-01 14:07:48.091 [info] ExtensionService#_doActivateExtension vscode.json-language-features, startup: false, activationEvent: 'onLanguage:jsonc'
2025-11-01 14:07:48.159 [info] ExtensionService#_doActivateExtension vscode.typescript-language-features, startup: false, activationEvent: 'onLanguage:jsonc'
2025-11-01 14:07:52.640 [info] Extension host terminating: renderer closed the MessagePort
2025-11-01 14:07:52.672 [error] ProxyResolver#resolveProxy DIRECT Canceled: Canceled
	at new MR (file:///opt/visual-studio-code/resources/app/out/vs/workbench/api/node/extensionHostProcess.js:29:116391)
	at U4.U (file:///opt/visual-studio-code/resources/app/out/vs/workbench/api/node/extensionHostProcess.js:29:121001)
	at s.<computed>.n.charCodeAt.s.<computed> (file:///opt/visual-studio-code/resources/app/out/vs/workbench/api/node/extensionHostProcess.js:29:118495)
	at zb.resolveProxy (file:///opt/visual-studio-code/resources/app/out/vs/workbench/api/node/extensionHostProcess.js:111:74817)
	at Object.resolveProxy (file:///opt/visual-studio-code/resources/app/out/vs/workbench/api/node/extensionHostProcess.js:203:25819)
	at useProxySettings (/opt/visual-studio-code/resources/app/node_modules/@vscode/proxy-agent/out/index.js:208:16)
	at /opt/visual-studio-code/resources/app/node_modules/@vscode/proxy-agent/out/index.js:145:13
	at /opt/visual-studio-code/resources/app/node_modules/@vscode/proxy-agent/out/index.js:788:13
	at process.processTicksAndRejections (node:internal/process/task_queues:105:5) 
2025-11-01 14:07:52.684 [info] Extension host with pid 27755 exiting with code 0
