2025-11-01 15:32:30.677 [info] Extension host with pid 36509 started
2025-11-01 15:32:31.121 [info] ExtensionService#_doActivateExtension vscode.github-authentication, startup: false, activationEvent: 'onAuthenticationRequest:github'
2025-11-01 15:32:31.165 [info] ExtensionService#_doActivateExtension vscode.emmet, startup: false, activationEvent: 'onLanguage'
2025-11-01 15:32:31.391 [info] ExtensionService#_doActivateExtension vscode.git-base, startup: true, activationEvent: '*'
2025-11-01 15:32:31.400 [info] ExtensionService#_doActivateExtension vscode.github, startup: true, activationEvent: '*'
2025-11-01 15:32:31.507 [info] Eager extensions activated
2025-11-01 15:32:31.547 [info] ExtensionService#_doActivateExtension vscode.debug-auto-launch, startup: false, activationEvent: 'onStartupFinished'
2025-11-01 15:32:31.553 [info] ExtensionService#_doActivateExtension vscode.merge-conflict, startup: false, activationEvent: 'onStartupFinished'
2025-11-01 15:32:31.577 [info] ExtensionService#_doActivateExtension Catppuccin.catppuccin-vsc, startup: false, activationEvent: 'onStartupFinished'
2025-11-01 15:32:31.584 [info] ExtensionService#_doActivateExtension esbenp.prettier-vscode, startup: false, activationEvent: 'onStartupFinished'
2025-11-01 15:32:31.666 [info] ExtensionService#_doActivateExtension PKief.material-icon-theme, startup: false, activationEvent: 'onStartupFinished'
2025-11-01 15:32:31.684 [info] ExtensionService#_doActivateExtension streetsidesoftware.code-spell-checker, startup: false, activationEvent: 'onStartupFinished'
2025-11-01 15:32:32.735 [info] ExtensionService#_doActivateExtension vscode.configuration-editing, startup: false, activationEvent: 'onLanguage:jsonc'
2025-11-01 15:32:32.745 [info] ExtensionService#_doActivateExtension vscode.json-language-features, startup: false, activationEvent: 'onLanguage:jsonc'
2025-11-01 15:32:32.797 [info] ExtensionService#_doActivateExtension vscode.typescript-language-features, startup: false, activationEvent: 'onLanguage:jsonc'
2025-11-01 15:33:04.617 [info] Extension host terminating: renderer closed the MessagePort
2025-11-01 15:33:04.634 [info] Extension host with pid 36509 exiting with code 0
2025-11-01 15:33:05.751 [info] Extension host with pid 36955 started
2025-11-01 15:33:05.751 [info] Skipping acquiring lock for /home/avery/.config/Code/User/workspaceStorage/d2fd9efa8fcc3cdbd407a9008c911f49.
2025-11-01 15:33:05.965 [info] ExtensionService#_doActivateExtension vscode.github-authentication, startup: false, activationEvent: 'onAuthenticationRequest:github'
2025-11-01 15:33:06.048 [info] ExtensionService#_doActivateExtension vscode.git-base, startup: true, activationEvent: '*'
2025-11-01 15:33:06.125 [info] ExtensionService#_doActivateExtension vscode.github, startup: true, activationEvent: '*'
2025-11-01 15:33:06.234 [info] Eager extensions activated
2025-11-01 15:33:06.317 [info] ExtensionService#_doActivateExtension vscode.debug-auto-launch, startup: false, activationEvent: 'onStartupFinished'
2025-11-01 15:33:06.321 [info] ExtensionService#_doActivateExtension vscode.merge-conflict, startup: false, activationEvent: 'onStartupFinished'
2025-11-01 15:33:06.346 [info] ExtensionService#_doActivateExtension Catppuccin.catppuccin-vsc, startup: false, activationEvent: 'onStartupFinished'
2025-11-01 15:33:06.353 [info] ExtensionService#_doActivateExtension esbenp.prettier-vscode, startup: false, activationEvent: 'onStartupFinished'
2025-11-01 15:33:06.431 [info] ExtensionService#_doActivateExtension PKief.material-icon-theme, startup: false, activationEvent: 'onStartupFinished'
2025-11-01 15:33:06.446 [info] ExtensionService#_doActivateExtension streetsidesoftware.code-spell-checker, startup: false, activationEvent: 'onStartupFinished'
2025-11-01 15:33:09.773 [info] ExtensionService#_doActivateExtension vscode.git, startup: false, activationEvent: 'api', root cause: vscode.github
2025-11-01 15:33:09.932 [info] ExtensionService#_doActivateExtension aibnuhibban.lumen-smart-command, startup: false, activationEvent: '*'
2025-11-01 15:33:09.934 [info] ExtensionService#_doActivateExtension bradlc.vscode-tailwindcss, startup: false, activationEvent: 'onStartupFinished'
2025-11-01 15:33:09.974 [info] ExtensionService#_doActivateExtension Catppuccin.catppuccin-vsc-icons, startup: false, activationEvent: 'onStartupFinished'
2025-11-01 15:33:10.073 [info] ExtensionService#_doActivateExtension ecmel.vscode-html-css, startup: false, activationEvent: 'onStartupFinished'
2025-11-01 15:33:28.357 [info] ExtensionService#_doActivateExtension git-emoji.vscode-git-emoji, startup: false, activationEvent: 'onLanguage:scminput'
2025-11-01 15:33:28.378 [info] ExtensionService#_doActivateExtension vscode.emmet, startup: false, activationEvent: 'onLanguage'
2025-11-01 15:33:50.945 [info] ExtensionService#_doActivateExtension vscode.extension-editing, startup: false, activationEvent: 'onLanguage:markdown'
2025-11-01 15:33:50.973 [info] ExtensionService#_doActivateExtension vscode.markdown-language-features, startup: false, activationEvent: 'onLanguage:markdown'
2025-11-01 15:33:51.101 [info] ExtensionService#_doActivateExtension DavidAnson.vscode-markdownlint, startup: false, activationEvent: 'onLanguage:markdown'
2025-11-01 15:33:51.133 [info] ExtensionService#_doActivateExtension yzhang.markdown-all-in-one, startup: false, activationEvent: 'onLanguage:markdown'
2025-11-01 15:33:51.511 [info] ExtensionService#_doActivateExtension vscode.markdown-math, startup: false, activationEvent: 'api', root cause: yzhang.markdown-all-in-one
2025-11-01 15:33:51.614 [info] ExtensionService#_doActivateExtension bierner.markdown-preview-github-styles, startup: false, activationEvent: 'api', root cause: yzhang.markdown-all-in-one
2025-11-01 15:37:55.511 [info] ExtensionService#_doActivateExtension ms-vsliveshare.vsliveshare, startup: false, activationEvent: 'onView:liveshare.session'
2025-11-01 15:38:05.549 [info] Extension host terminating: renderer closed the MessagePort
2025-11-01 15:38:05.586 [info] Extension host with pid 36955 exiting with code 0
2025-11-01 15:38:06.029 [info] Extension host with pid 38367 started
2025-11-01 15:38:06.029 [info] Skipping acquiring lock for /home/avery/.config/Code/User/workspaceStorage/d2fd9efa8fcc3cdbd407a9008c911f49.
2025-11-01 15:38:06.040 [info] ExtensionService#_doActivateExtension vscode.github-authentication, startup: false, activationEvent: 'onAuthenticationRequest:github'
2025-11-01 15:38:06.061 [info] ExtensionService#_doActivateExtension ecmel.vscode-html-css, startup: false, activationEvent: 'onCommand:vscode-html-css.validate'
2025-11-01 15:38:06.063 [info] ExtensionService#_doActivateExtension vscode.git-base, startup: false, activationEvent: 'onCommand:github.publish', root cause: vscode.github
2025-11-01 15:38:06.065 [info] ExtensionService#_doActivateExtension vscode.emmet, startup: false, activationEvent: 'onLanguage'
2025-11-01 15:38:06.082 [info] ExtensionService#_doActivateExtension vscode.extension-editing, startup: false, activationEvent: 'onLanguage:markdown'
2025-11-01 15:38:06.092 [info] ExtensionService#_doActivateExtension vscode.markdown-language-features, startup: false, activationEvent: 'onLanguage:markdown'
2025-11-01 15:38:06.158 [info] ExtensionService#_doActivateExtension DavidAnson.vscode-markdownlint, startup: false, activationEvent: 'onLanguage:markdown'
2025-11-01 15:38:06.179 [info] ExtensionService#_doActivateExtension yzhang.markdown-all-in-one, startup: false, activationEvent: 'onLanguage:markdown'
2025-11-01 15:38:06.266 [info] ExtensionService#_doActivateExtension ms-vsliveshare.vsliveshare, startup: false, activationEvent: 'onView:liveshare.session'
2025-11-01 15:38:06.585 [info] ExtensionService#_doActivateExtension vscode.markdown-math, startup: false, activationEvent: 'api', root cause: yzhang.markdown-all-in-one
2025-11-01 15:38:06.601 [info] ExtensionService#_doActivateExtension vscode.github, startup: false, activationEvent: 'onCommand:github.publish'
2025-11-01 15:38:06.601 [info] ExtensionService#_doActivateExtension vscode.git, startup: false, activationEvent: 'onCommand:git.init'
2025-11-01 15:38:06.805 [info] ExtensionService#_doActivateExtension git-emoji.vscode-git-emoji, startup: false, activationEvent: 'onLanguage:scminput'
2025-11-01 15:38:07.307 [info] ExtensionService#_doActivateExtension aibnuhibban.lumen-smart-command, startup: true, activationEvent: '*'
2025-11-01 15:38:07.383 [info] Eager extensions activated
2025-11-01 15:38:07.396 [info] ExtensionService#_doActivateExtension vscode.debug-auto-launch, startup: false, activationEvent: 'onStartupFinished'
2025-11-01 15:38:07.398 [info] ExtensionService#_doActivateExtension vscode.merge-conflict, startup: false, activationEvent: 'onStartupFinished'
2025-11-01 15:38:07.412 [info] ExtensionService#_doActivateExtension bradlc.vscode-tailwindcss, startup: false, activationEvent: 'onStartupFinished'
2025-11-01 15:38:07.440 [info] ExtensionService#_doActivateExtension Catppuccin.catppuccin-vsc, startup: false, activationEvent: 'onStartupFinished'
2025-11-01 15:38:07.444 [info] ExtensionService#_doActivateExtension Catppuccin.catppuccin-vsc-icons, startup: false, activationEvent: 'onStartupFinished'
2025-11-01 15:38:07.534 [info] ExtensionService#_doActivateExtension esbenp.prettier-vscode, startup: false, activationEvent: 'onStartupFinished'
2025-11-01 15:38:07.591 [info] ExtensionService#_doActivateExtension PKief.material-icon-theme, startup: false, activationEvent: 'onStartupFinished'
2025-11-01 15:38:07.606 [info] ExtensionService#_doActivateExtension streetsidesoftware.code-spell-checker, startup: false, activationEvent: 'onStartupFinished'
2025-11-01 15:42:10.659 [info] Extension host terminating: renderer closed the MessagePort
2025-11-01 15:42:10.704 [info] Extension host with pid 38367 exiting with code 0
