2025-11-01 14:02:02.265 [info] [main] Log level: Info
2025-11-01 14:02:02.265 [info] [main] Validating found git in: "git"
2025-11-01 14:02:02.265 [info] [main] Using git "2.51.2" from "git"
2025-11-01 14:02:02.265 [info] [Model][doInitialScan] Initial repository scan started
2025-11-01 14:02:02.265 [info] > git rev-parse --show-toplevel [6ms]
2025-11-01 14:02:02.265 [info] > git rev-parse --path-format=relative --show-toplevel [3ms]
2025-11-01 14:02:02.265 [info] > git rev-parse --git-dir --git-common-dir --show-superproject-working-tree [3ms]
2025-11-01 14:02:02.265 [info] fatal: not a git repository (or any parent up to mount point /)
Stopping at filesystem boundary (GIT_DISCOVERY_ACROSS_FILESYSTEM not set).
2025-11-01 14:02:02.265 [info] [Model][doInitialScan] Initial repository scan completed - repositories (0), closed repositories (0), parent repositories (0), unsafe repositories (0)
2025-11-01 14:02:17.689 [info] > git rev-parse --show-toplevel [3ms]
2025-11-01 14:02:17.689 [info] fatal: not a git repository (or any parent up to mount point /)
Stopping at filesystem boundary (GIT_DISCOVERY_ACROSS_FILESYSTEM not set).
2025-11-01 14:03:54.004 [info] > git rev-parse --show-toplevel [3ms]
2025-11-01 14:03:54.004 [info] fatal: not a git repository (or any parent up to mount point /)
Stopping at filesystem boundary (GIT_DISCOVERY_ACROSS_FILESYSTEM not set).
2025-11-01 14:04:13.446 [info] > git rev-parse --show-toplevel [2ms]
2025-11-01 14:04:13.446 [info] fatal: not a git repository (or any parent up to mount point /)
Stopping at filesystem boundary (GIT_DISCOVERY_ACROSS_FILESYSTEM not set).
2025-11-01 14:05:32.185 [info] > git rev-parse --show-toplevel [14ms]
2025-11-01 14:05:32.188 [info] fatal: not a git repository (or any parent up to mount point /)
Stopping at filesystem boundary (GIT_DISCOVERY_ACROSS_FILESYSTEM not set).
