2025-11-01 15:33:10.109 [info] [main] Log level: Info
2025-11-01 15:33:10.109 [info] [main] Validating found git in: "git"
2025-11-01 15:33:10.109 [info] [main] Using git "2.51.2" from "git"
2025-11-01 15:33:10.109 [info] [Model][doInitialScan] Initial repository scan started
2025-11-01 15:33:10.109 [info] > git rev-parse --show-toplevel [15ms]
2025-11-01 15:33:10.109 [info] fatal: not a git repository (or any parent up to mount point /)
Stopping at filesystem boundary (GIT_DISCOVERY_ACROSS_FILESYSTEM not set).
2025-11-01 15:33:10.109 [info] [Model][doInitialScan] Initial repository scan completed - repositories (0), closed repositories (0), parent repositories (0), unsafe repositories (0)
2025-11-01 15:33:10.109 [info] > git rev-parse --show-toplevel [2ms]
2025-11-01 15:33:10.109 [info] fatal: not a git repository (or any parent up to mount point /)
Stopping at filesystem boundary (GIT_DISCOVERY_ACROSS_FILESYSTEM not set).
2025-11-01 15:33:28.202 [info] > git init -b main [15ms]
2025-11-01 15:33:28.209 [info] > git rev-parse --show-toplevel [1ms]
2025-11-01 15:33:28.219 [info] > git rev-parse --git-dir --git-common-dir --show-superproject-working-tree [3ms]
2025-11-01 15:33:28.240 [info] [Model][openRepository] Opened repository (path): /home/avery/Documents/Personal/Dotfiles
2025-11-01 15:33:28.240 [info] [Model][openRepository] Opened repository (real path): /home/avery/Documents/Personal/Dotfiles
2025-11-01 15:33:28.240 [info] [Model][openRepository] Opened repository (kind): repository
2025-11-01 15:33:28.247 [info] > git fetch [8ms]
2025-11-01 15:33:28.255 [info] > git config --get commit.template [8ms]
2025-11-01 15:33:28.256 [info] > git config --get commit.template [2ms]
2025-11-01 15:33:28.261 [info] [Git][getRemotes] No remotes found in the git config file
2025-11-01 15:33:28.262 [info] [Git][getRemotes] No remotes found in the git config file
2025-11-01 15:33:28.266 [info] > git for-each-ref --format=%(refname)%00%(upstream:short)%00%(objectname)%00%(upstream:track)%00%(upstream:remotename)%00%(upstream:remoteref) refs/heads/main refs/remotes/main [6ms]
2025-11-01 15:33:28.267 [warning] [Git][getBranch] No such branch: main
2025-11-01 15:33:28.278 [info] > git for-each-ref --format=%(refname)%00%(upstream:short)%00%(objectname)%00%(upstream:track)%00%(upstream:remotename)%00%(upstream:remoteref) refs/heads/main refs/remotes/main [5ms]
2025-11-01 15:33:28.278 [warning] [Git][getBranch] No such branch: main
2025-11-01 15:33:28.279 [error] [GitHistoryProvider][resolveHEADMergeBase] Failed to resolve merge base for main: Error: No such branch: main.
2025-11-01 15:33:28.279 [info] > git for-each-ref --format=%(refname)%00%(upstream:short)%00%(objectname)%00%(upstream:track)%00%(upstream:remotename)%00%(upstream:remoteref) refs/heads/main refs/remotes/main [13ms]
2025-11-01 15:33:28.279 [warning] [Git][getBranch] No such branch: main
2025-11-01 15:33:28.281 [info] > git config --get commit.template [4ms]
2025-11-01 15:33:28.285 [info] [Git][getRemotes] No remotes found in the git config file
2025-11-01 15:33:28.286 [info] > git for-each-ref --format=%(refname)%00%(upstream:short)%00%(objectname)%00%(upstream:track)%00%(upstream:remotename)%00%(upstream:remoteref) refs/heads/main refs/remotes/main [1ms]
2025-11-01 15:33:28.286 [warning] [Git][getBranch] No such branch: main
2025-11-01 15:33:28.295 [info] > git status -z -uall [5ms]
2025-11-01 15:33:28.297 [info] > git for-each-ref --sort -committerdate --format %(refname)%00%(objectname)%00%(*objectname) [2ms]
2025-11-01 15:33:28.510 [info] > git log --format=%H%n%aN%n%aE%n%at%n%ct%n%P%n%D%n%B -z --shortstat --diff-merges=first-parent -n50 --skip=0 --topo-order --decorate=full --stdin [102ms]
2025-11-01 15:33:28.510 [info] fatal: bad revision 'refs/heads/main'
2025-11-01 15:33:28.511 [error] [GitHistoryProvider][provideHistoryItems] Failed to get history items with options '{"historyItemRefs":["refs/heads/main"],"limit":50,"skip":0}': Failed to execute git {
  "exitCode": 128,
  "gitCommand": "log",
  "stdout": "",
  "stderr": "fatal: bad revision 'refs/heads/main'\n"
}
2025-11-01 15:33:29.511 [info] [Git][getRemotes] No remotes found in the git config file
2025-11-01 15:33:29.512 [info] > git config --get commit.template [8ms]
2025-11-01 15:33:29.513 [info] > git for-each-ref --format=%(refname)%00%(upstream:short)%00%(objectname)%00%(upstream:track)%00%(upstream:remotename)%00%(upstream:remoteref) refs/heads/main refs/remotes/main [2ms]
2025-11-01 15:33:29.514 [warning] [Git][getBranch] No such branch: main
2025-11-01 15:33:29.530 [info] > git status -z -uall [9ms]
2025-11-01 15:33:29.532 [info] > git for-each-ref --sort -committerdate --format %(refname)%00%(objectname)%00%(*objectname) [3ms]
2025-11-01 15:33:49.240 [info] [Git][getRemotes] No remotes found in the git config file
2025-11-01 15:33:49.240 [info] > git config --get commit.template [4ms]
2025-11-01 15:33:49.246 [info] > git for-each-ref --format=%(refname)%00%(upstream:short)%00%(objectname)%00%(upstream:track)%00%(upstream:remotename)%00%(upstream:remoteref) refs/heads/main refs/remotes/main [6ms]
2025-11-01 15:33:49.246 [warning] [Git][getBranch] No such branch: main
2025-11-01 15:33:49.254 [info] > git check-ignore -v -z --stdin [8ms]
2025-11-01 15:33:49.255 [info] > git status -z -uall [5ms]
2025-11-01 15:33:49.256 [info] > git for-each-ref --sort -committerdate --format %(refname)%00%(objectname)%00%(*objectname) [3ms]
2025-11-01 15:34:29.210 [info] > git log --format=%H%n%aN%n%aE%n%at%n%ct%n%P%n%D%n%B -z --shortstat --diff-merges=first-parent -n50 --skip=0 --topo-order --decorate=full --stdin [1ms]
2025-11-01 15:34:29.210 [info] fatal: bad revision 'refs/heads/main'
2025-11-01 15:34:29.210 [error] [GitHistoryProvider][provideHistoryItems] Failed to get history items with options '{"historyItemRefs":["refs/heads/main"],"limit":50,"skip":0}': Failed to execute git {
  "exitCode": 128,
  "gitCommand": "log",
  "stdout": "",
  "stderr": "fatal: bad revision 'refs/heads/main'\n"
}
2025-11-01 15:34:49.777 [info] > git add -A -- . [2ms]
2025-11-01 15:34:49.784 [info] > git -c user.useConfigOnly=true commit --quiet --allow-empty-message --file - [2ms]
2025-11-01 15:34:49.784 [info] Author identity unknown

*** Please tell me who you are.

Run

  git config --global user.email "you@example.com"
  git config --global user.name "Your Name"

to set your account's default identity.
Omit --global to set the identity only in this repository.

fatal: no email was given and auto-detection is disabled
2025-11-01 15:34:49.789 [info] > git config --get-all user.name [2ms]
2025-11-01 15:34:49.798 [info] [Git][getRemotes] No remotes found in the git config file
2025-11-01 15:34:49.799 [info] > git config --get commit.template [5ms]
2025-11-01 15:34:49.799 [info] > git for-each-ref --format=%(refname)%00%(upstream:short)%00%(objectname)%00%(upstream:track)%00%(upstream:remotename)%00%(upstream:remoteref) refs/heads/main refs/remotes/main [1ms]
2025-11-01 15:34:49.799 [warning] [Git][getBranch] No such branch: main
2025-11-01 15:34:49.808 [info] > git status -z -uall [4ms]
2025-11-01 15:34:49.809 [info] > git for-each-ref --sort -committerdate --format %(refname)%00%(objectname)%00%(*objectname) [1ms]
2025-11-01 15:34:50.146 [info] > git show --textconv :README.md [18ms]
2025-11-01 15:34:50.146 [info] > git show --textconv HEAD:README.md [11ms]
2025-11-01 15:34:50.146 [info] > git ls-files --stage -- README.md [6ms]
2025-11-01 15:34:50.154 [info] > git hash-object -t tree /dev/null [1ms]
2025-11-01 15:34:50.154 [warning] [GitFileSystemProvider][readFile] File not found - git:/home/avery/Documents/Personal/Dotfiles/README.md.git?%7B%22path%22%3A%22%2Fhome%2Favery%2FDocuments%2FPersonal%2FDotfiles%2FREADME.md%22%2C%22ref%22%3A%22HEAD%22%7D
2025-11-01 15:34:50.154 [info] > git cat-file -s 91b64c4b1d193af9340ede06051a83fe4c79df3e [5ms]
2025-11-01 15:34:50.155 [info] > git ls-tree -l HEAD -- README.md [10ms]
2025-11-01 15:34:50.155 [info] fatal: Not a valid object name HEAD
2025-11-01 15:34:50.155 [warning] [GitFileSystemProvider][stat] File not found - git:/home/avery/Documents/Personal/Dotfiles/README.md.git?%7B%22path%22%3A%22%2Fhome%2Favery%2FDocuments%2FPersonal%2FDotfiles%2FREADME.md%22%2C%22ref%22%3A%22HEAD%22%7D
2025-11-01 15:34:50.867 [info] > git config --get commit.template [3ms]
2025-11-01 15:34:50.874 [info] [Git][getRemotes] No remotes found in the git config file
2025-11-01 15:34:50.876 [info] > git for-each-ref --format=%(refname)%00%(upstream:short)%00%(objectname)%00%(upstream:track)%00%(upstream:remotename)%00%(upstream:remoteref) refs/heads/main refs/remotes/main [2ms]
2025-11-01 15:34:50.876 [warning] [Git][getBranch] No such branch: main
2025-11-01 15:34:50.889 [info] > git status -z -uall [8ms]
2025-11-01 15:34:50.890 [info] > git for-each-ref --sort -committerdate --format %(refname)%00%(objectname)%00%(*objectname) [2ms]
2025-11-01 15:35:00.396 [info] > git ls-files --stage -- README.md [2ms]
2025-11-01 15:35:00.400 [info] > git cat-file -s 91b64c4b1d193af9340ede06051a83fe4c79df3e [1ms]
2025-11-01 15:35:00.405 [info] > git show --textconv :README.md [1ms]
2025-11-01 15:36:00.990 [info] > git -c user.useConfigOnly=true commit --quiet --allow-empty-message --file - [5ms]
2025-11-01 15:36:00.997 [info] > git config --get commit.template [2ms]
2025-11-01 15:36:01.005 [info] > git config --get commit.template [2ms]
2025-11-01 15:36:01.012 [info] [Git][getRemotes] No remotes found in the git config file
2025-11-01 15:36:01.015 [info] > git for-each-ref --format=%(refname)%00%(upstream:short)%00%(objectname)%00%(upstream:track)%00%(upstream:remotename)%00%(upstream:remoteref) refs/heads/main refs/remotes/main [3ms]
2025-11-01 15:36:01.026 [info] > git status -z -uall [6ms]
2025-11-01 15:36:01.027 [info] > git for-each-ref --sort -committerdate --format %(refname)%00%(objectname)%00%(*objectname) [2ms]
2025-11-01 15:36:01.038 [info] > git log --format=%H%n%aN%n%aE%n%at%n%ct%n%P%n%D%n%B -z --shortstat --diff-merges=first-parent -n50 --skip=0 --topo-order --decorate=full --stdin [2ms]
2025-11-01 15:36:01.050 [info] > git blame --root --incremental 3b88568d9a197519d8f7af7ea22746d650fbfdc6 -- README.md [2ms]
2025-11-01 15:36:01.063 [info] [Git][getRemotes] No remotes found in the git config file
2025-11-01 15:36:01.064 [info] > git config --get commit.template [5ms]
2025-11-01 15:36:01.064 [info] > git for-each-ref --format=%(refname)%00%(upstream:short)%00%(objectname)%00%(upstream:track)%00%(upstream:remotename)%00%(upstream:remoteref) refs/heads/main refs/remotes/main [1ms]
2025-11-01 15:36:01.072 [info] > git status -z -uall [5ms]
2025-11-01 15:36:01.072 [info] > git for-each-ref --sort -committerdate --format %(refname)%00%(objectname)%00%(*objectname) [1ms]
2025-11-01 15:36:02.131 [info] [Git][getRemotes] No remotes found in the git config file
2025-11-01 15:36:02.132 [info] > git config --get commit.template [11ms]
2025-11-01 15:36:02.133 [info] > git for-each-ref --format=%(refname)%00%(upstream:short)%00%(objectname)%00%(upstream:track)%00%(upstream:remotename)%00%(upstream:remoteref) refs/heads/main refs/remotes/main [2ms]
2025-11-01 15:36:02.142 [info] > git status -z -uall [4ms]
2025-11-01 15:36:02.143 [info] > git for-each-ref --sort -committerdate --format %(refname)%00%(objectname)%00%(*objectname) [2ms]
2025-11-01 15:36:02.222 [info] > git ls-files --stage -- README.md [1ms]
2025-11-01 15:36:02.231 [info] > git cat-file -s 91b64c4b1d193af9340ede06051a83fe4c79df3e [2ms]
2025-11-01 15:36:02.238 [info] > git show --textconv :README.md [2ms]
2025-11-01 15:36:09.481 [info] > git remote add origin https://github.com/Adovaz/Dotfiles.git [2ms]
2025-11-01 15:36:09.492 [info] > git config --get commit.template [6ms]
2025-11-01 15:36:09.493 [info] > git for-each-ref --format=%(refname)%00%(upstream:short)%00%(objectname)%00%(upstream:track)%00%(upstream:remotename)%00%(upstream:remoteref) refs/heads/main refs/remotes/main [2ms]
2025-11-01 15:36:09.502 [info] > git status -z -uall [5ms]
2025-11-01 15:36:09.503 [info] > git for-each-ref --sort -committerdate --format %(refname)%00%(objectname)%00%(*objectname) [1ms]
2025-11-01 15:36:10.671 [info] > git ls-files --stage -- README.md [2ms]
2025-11-01 15:36:10.680 [info] > git cat-file -s 91b64c4b1d193af9340ede06051a83fe4c79df3e [3ms]
2025-11-01 15:36:10.687 [info] > git show --textconv :README.md [1ms]
2025-11-01 15:36:11.115 [info] > git push -u origin main [1606ms]
2025-11-01 15:36:11.115 [info] /bin/sh: warning: setlocale: LC_ALL: cannot change locale (en_US.UTF-8): No such file or directory
/bin/sh: warning: setlocale: LC_ALL: cannot change locale (en_US.UTF-8): No such file or directory
To https://github.com/Adovaz/Dotfiles.git
 * [new branch]      main -> main
2025-11-01 15:36:11.128 [info] > git config --get commit.template [6ms]
2025-11-01 15:36:11.130 [info] > git for-each-ref --format=%(refname)%00%(upstream:short)%00%(objectname)%00%(upstream:track)%00%(upstream:remotename)%00%(upstream:remoteref) refs/heads/main refs/remotes/main [3ms]
2025-11-01 15:36:11.138 [info] > git status -z -uall [4ms]
2025-11-01 15:36:11.139 [info] > git for-each-ref --sort -committerdate --format %(refname)%00%(objectname)%00%(*objectname) [1ms]
2025-11-01 15:36:11.148 [info] > git merge-base refs/heads/main refs/remotes/origin/main [2ms]
2025-11-01 15:36:11.160 [info] > git diff --name-status -z --diff-filter=ADMR 3b88568d9a197519d8f7af7ea22746d650fbfdc6...refs/remotes/origin/main [7ms]
2025-11-01 15:36:11.160 [info] > git log --format=%H%n%aN%n%aE%n%at%n%ct%n%P%n%D%n%B -z --shortstat --diff-merges=first-parent -n50 --skip=0 --topo-order --decorate=full --stdin [2ms]
2025-11-01 15:36:12.194 [info] > git config --get commit.template [1ms]
2025-11-01 15:36:12.200 [info] > git for-each-ref --format=%(refname)%00%(upstream:short)%00%(objectname)%00%(upstream:track)%00%(upstream:remotename)%00%(upstream:remoteref) refs/heads/main refs/remotes/main [1ms]
2025-11-01 15:36:12.208 [info] > git status -z -uall [4ms]
2025-11-01 15:36:12.209 [info] > git for-each-ref --sort -committerdate --format %(refname)%00%(objectname)%00%(*objectname) [2ms]
2025-11-01 15:36:12.298 [info] > git ls-files --stage -- README.md [3ms]
2025-11-01 15:36:12.305 [info] > git cat-file -s 91b64c4b1d193af9340ede06051a83fe4c79df3e [2ms]
2025-11-01 15:36:12.315 [info] > git show --textconv :README.md [2ms]
2025-11-01 15:36:29.039 [info] > git fetch [752ms]
2025-11-01 15:36:29.047 [info] > git config --get commit.template [2ms]
2025-11-01 15:36:29.055 [info] > git for-each-ref --format=%(refname)%00%(upstream:short)%00%(objectname)%00%(upstream:track)%00%(upstream:remotename)%00%(upstream:remoteref) refs/heads/main refs/remotes/main [2ms]
2025-11-01 15:36:29.066 [info] > git status -z -uall [6ms]
2025-11-01 15:36:29.067 [info] > git for-each-ref --sort -committerdate --format %(refname)%00%(objectname)%00%(*objectname) [2ms]
2025-11-01 15:36:29.076 [info] > git log --format=%H%n%aN%n%aE%n%at%n%ct%n%P%n%D%n%B -z --shortstat --diff-merges=first-parent -n50 --skip=0 --topo-order --decorate=full --stdin [1ms]
2025-11-01 15:36:30.121 [info] > git config --get commit.template [6ms]
2025-11-01 15:36:30.122 [info] > git for-each-ref --format=%(refname)%00%(upstream:short)%00%(objectname)%00%(upstream:track)%00%(upstream:remotename)%00%(upstream:remoteref) refs/heads/main refs/remotes/main [1ms]
2025-11-01 15:36:30.131 [info] > git status -z -uall [6ms]
2025-11-01 15:36:30.131 [info] > git for-each-ref --sort -committerdate --format %(refname)%00%(objectname)%00%(*objectname) [1ms]
2025-11-01 15:36:30.220 [info] > git ls-files --stage -- README.md [2ms]
2025-11-01 15:36:30.228 [info] > git cat-file -s 91b64c4b1d193af9340ede06051a83fe4c79df3e [2ms]
2025-11-01 15:36:30.237 [info] > git show --textconv :README.md [2ms]
2025-11-01 15:37:17.989 [info] > git show --textconv :README.md [4ms]
2025-11-01 15:37:17.990 [info] > git ls-files --stage -- README.md [2ms]
2025-11-01 15:37:17.995 [info] > git cat-file -s 91b64c4b1d193af9340ede06051a83fe4c79df3e [1ms]
2025-11-01 15:38:06.932 [info] [main] Log level: Info
2025-11-01 15:38:06.932 [info] [main] Validating found git in: "git"
2025-11-01 15:38:06.932 [info] [main] Using git "2.51.2" from "git"
2025-11-01 15:38:06.932 [info] [Model][doInitialScan] Initial repository scan started
2025-11-01 15:38:06.932 [info] > git rev-parse --show-toplevel [17ms]
2025-11-01 15:38:06.932 [info] > git rev-parse --git-dir --git-common-dir --show-superproject-working-tree [71ms]
2025-11-01 15:38:06.932 [info] [Model][openRepository] Opened repository (path): /home/avery/Documents/Personal/Dotfiles
2025-11-01 15:38:06.932 [info] [Model][openRepository] Opened repository (real path): /home/avery/Documents/Personal/Dotfiles
2025-11-01 15:38:06.932 [info] [Model][openRepository] Opened repository (kind): repository
2025-11-01 15:38:06.932 [info] [Model][doInitialScan] Initial repository scan completed - repositories (1), closed repositories (0), parent repositories (0), unsafe repositories (0)
2025-11-01 15:38:06.932 [info] > git ls-files --stage -- README.md [7ms]
2025-11-01 15:38:06.934 [info] > git cat-file -s 91b64c4b1d193af9340ede06051a83fe4c79df3e [10ms]
2025-11-01 15:38:06.935 [info] > git config --get commit.template [16ms]
2025-11-01 15:38:07.280 [info] > git show --textconv :README.md [308ms]
2025-11-01 15:38:07.281 [info] > git for-each-ref --format=%(refname)%00%(upstream:short)%00%(objectname)%00%(upstream:track)%00%(upstream:remotename)%00%(upstream:remoteref) refs/heads/main refs/remotes/main [305ms]
2025-11-01 15:38:07.366 [info] > git status -z -uall [8ms]
2025-11-01 15:38:07.369 [info] > git for-each-ref --sort -committerdate --format %(refname)%00%(objectname)%00%(*objectname) [6ms]
2025-11-01 15:38:07.390 [info] > git for-each-ref --format=%(refname)%00%(upstream:short)%00%(objectname)%00%(upstream:track)%00%(upstream:remotename)%00%(upstream:remoteref) refs/heads/main refs/remotes/main [10ms]
2025-11-01 15:38:07.698 [info] > git config --get --local branch.main.vscode-merge-base [303ms]
2025-11-01 15:38:07.698 [warning] [Git][config] git config failed: Failed to execute git
2025-11-01 15:38:07.704 [info] > git config --get commit.template [315ms]
2025-11-01 15:38:07.704 [info] > git fetch [798ms]
2025-11-01 15:38:07.791 [info] > git check-ignore -v -z --stdin [81ms]
2025-11-01 15:38:07.792 [info] > git reflog main --grep-reflog=branch: Created from *. [89ms]
2025-11-01 15:38:07.813 [info] > git symbolic-ref --short refs/remotes/origin/HEAD [17ms]
2025-11-01 15:38:07.818 [info] > git config --get commit.template [35ms]
2025-11-01 15:38:07.830 [info] > git for-each-ref --format=%(refname)%00%(upstream:short)%00%(objectname)%00%(upstream:track)%00%(upstream:remotename)%00%(upstream:remoteref) refs/heads/origin/main refs/remotes/origin/main [12ms]
2025-11-01 15:38:07.834 [info] > git for-each-ref --format=%(refname)%00%(upstream:short)%00%(objectname)%00%(upstream:track)%00%(upstream:remotename)%00%(upstream:remoteref) refs/heads/main refs/remotes/main [24ms]
2025-11-01 15:38:07.843 [info] > git config --add --local branch.main.vscode-merge-base origin/main [9ms]
2025-11-01 15:38:07.876 [info] > git for-each-ref --format=%(refname)%00%(upstream:short)%00%(objectname)%00%(upstream:track)%00%(upstream:remotename)%00%(upstream:remoteref) refs/heads/main refs/remotes/main [36ms]
2025-11-01 15:38:07.879 [info] > git config --get commit.template [4ms]
2025-11-01 15:38:07.905 [info] > git for-each-ref --format=%(refname)%00%(upstream:short)%00%(objectname)%00%(upstream:track)%00%(upstream:remotename)%00%(upstream:remoteref) refs/heads/main refs/remotes/main [12ms]
2025-11-01 15:38:07.957 [info] > git status -z -uall [6ms]
2025-11-01 15:38:07.960 [info] > git for-each-ref --sort -committerdate --format %(refname)%00%(objectname)%00%(*objectname) [4ms]
2025-11-01 15:38:07.974 [info] > git merge-base refs/heads/main refs/remotes/origin/main [8ms]
2025-11-01 15:38:07.993 [info] > git merge-base refs/heads/main refs/remotes/origin/main [21ms]
2025-11-01 15:38:08.017 [info] > git diff --name-status -z --diff-filter=ADMR 3b88568d9a197519d8f7af7ea22746d650fbfdc6...refs/remotes/origin/main [33ms]
2025-11-01 15:38:08.022 [info] > git diff --name-status -z --diff-filter=ADMR 3b88568d9a197519d8f7af7ea22746d650fbfdc6...refs/remotes/origin/main [23ms]
2025-11-01 15:38:08.990 [info] > git config --get commit.template [5ms]
2025-11-01 15:38:08.991 [info] > git for-each-ref --format=%(refname)%00%(upstream:short)%00%(objectname)%00%(upstream:track)%00%(upstream:remotename)%00%(upstream:remoteref) refs/heads/main refs/remotes/main [2ms]
2025-11-01 15:38:09.001 [info] > git status -z -uall [6ms]
2025-11-01 15:38:09.002 [info] > git for-each-ref --sort -committerdate --format %(refname)%00%(objectname)%00%(*objectname) [3ms]
2025-11-01 15:38:09.084 [info] > git ls-files --stage -- README.md [1ms]
2025-11-01 15:38:09.090 [info] > git cat-file -s 91b64c4b1d193af9340ede06051a83fe4c79df3e [1ms]
2025-11-01 15:38:09.096 [info] > git show --textconv :README.md [1ms]
2025-11-01 15:38:19.630 [info] > git blame --root --incremental 3b88568d9a197519d8f7af7ea22746d650fbfdc6 -- README.md [3ms]
2025-11-01 15:39:04.858 [info] > git config --get commit.template [9ms]
2025-11-01 15:39:04.859 [info] > git for-each-ref --format=%(refname)%00%(upstream:short)%00%(objectname)%00%(upstream:track)%00%(upstream:remotename)%00%(upstream:remoteref) refs/heads/main refs/remotes/main [2ms]
2025-11-01 15:39:04.870 [info] > git status -z -uall [6ms]
2025-11-01 15:39:04.871 [info] > git for-each-ref --sort -committerdate --format %(refname)%00%(objectname)%00%(*objectname) [2ms]
2025-11-01 15:39:33.655 [info] > git config --get commit.template [5ms]
2025-11-01 15:39:33.656 [info] > git for-each-ref --format=%(refname)%00%(upstream:short)%00%(objectname)%00%(upstream:track)%00%(upstream:remotename)%00%(upstream:remoteref) refs/heads/main refs/remotes/main [1ms]
2025-11-01 15:39:33.668 [info] > git status -z -uall [7ms]
2025-11-01 15:39:33.669 [info] > git for-each-ref --sort -committerdate --format %(refname)%00%(objectname)%00%(*objectname) [2ms]
2025-11-01 15:40:17.060 [info] > git config --get commit.template [9ms]
2025-11-01 15:40:17.061 [info] > git for-each-ref --format=%(refname)%00%(upstream:short)%00%(objectname)%00%(upstream:track)%00%(upstream:remotename)%00%(upstream:remoteref) refs/heads/main refs/remotes/main [2ms]
2025-11-01 15:40:17.073 [info] > git status -z -uall [6ms]
2025-11-01 15:40:17.074 [info] > git for-each-ref --sort -committerdate --format %(refname)%00%(objectname)%00%(*objectname) [1ms]
2025-11-01 15:41:08.583 [info] > git fetch [670ms]
2025-11-01 15:41:08.593 [info] > git config --get commit.template [5ms]
2025-11-01 15:41:08.594 [info] > git for-each-ref --format=%(refname)%00%(upstream:short)%00%(objectname)%00%(upstream:track)%00%(upstream:remotename)%00%(upstream:remoteref) refs/heads/main refs/remotes/main [1ms]
2025-11-01 15:41:08.605 [info] > git status -z -uall [5ms]
2025-11-01 15:41:08.606 [info] > git for-each-ref --sort -committerdate --format %(refname)%00%(objectname)%00%(*objectname) [2ms]
2025-11-01 15:41:09.666 [info] > git config --get commit.template [7ms]
2025-11-01 15:41:09.667 [info] > git for-each-ref --format=%(refname)%00%(upstream:short)%00%(objectname)%00%(upstream:track)%00%(upstream:remotename)%00%(upstream:remoteref) refs/heads/main refs/remotes/main [2ms]
2025-11-01 15:41:09.679 [info] > git status -z -uall [6ms]
2025-11-01 15:41:09.680 [info] > git for-each-ref --sort -committerdate --format %(refname)%00%(objectname)%00%(*objectname) [1ms]
2025-11-01 15:41:09.764 [info] > git ls-files --stage -- README.md [2ms]
2025-11-01 15:41:09.773 [info] > git cat-file -s 91b64c4b1d193af9340ede06051a83fe4c79df3e [2ms]
2025-11-01 15:41:09.785 [info] > git show --textconv :README.md [2ms]
