2025-11-01 15:32:31.379 [info] Reading sessions from keychain...
2025-11-01 15:32:31.379 [info] Getting sessions for all scopes...
2025-11-01 15:32:31.382 [info] Got stored sessions!
2025-11-01 15:32:31.382 [info] Got 2 verified sessions.
2025-11-01 15:32:31.383 [info] Got 2 sessions for ...
2025-11-01 15:32:31.383 [info] Getting sessions for all scopes...
2025-11-01 15:32:31.383 [info] Got 2 sessions for ...
2025-11-01 15:32:31.383 [info] Getting sessions for all scopes...
2025-11-01 15:32:31.383 [info] Got 2 sessions for ...
2025-11-01 15:32:31.385 [info] Getting sessions for all scopes...
2025-11-01 15:32:31.385 [info] Got 2 sessions for ...
2025-11-01 15:32:31.385 [info] Getting sessions for all scopes...
2025-11-01 15:32:31.385 [info] Got 2 sessions for ...
2025-11-01 15:32:31.385 [info] Getting sessions for all scopes...
2025-11-01 15:32:31.385 [info] Got 2 sessions for ...
2025-11-01 15:32:31.385 [info] Getting sessions for all scopes...
2025-11-01 15:32:31.385 [info] Got 2 sessions for ...
2025-11-01 15:32:31.385 [info] Getting sessions for all scopes...
2025-11-01 15:32:31.385 [info] Got 2 sessions for ...
2025-11-01 15:32:31.393 [info] Getting sessions for all scopes...
2025-11-01 15:32:31.393 [info] Got 2 sessions for ...
2025-11-01 15:32:31.395 [info] Getting sessions for all scopes...
2025-11-01 15:32:31.395 [info] Got 2 sessions for ...
2025-11-01 15:32:31.395 [info] Getting sessions for all scopes...
2025-11-01 15:32:31.395 [info] Got 2 sessions for ...
2025-11-01 15:32:31.396 [info] Getting sessions for all scopes...
2025-11-01 15:32:31.396 [info] Got 2 sessions for ...
2025-11-01 15:32:31.396 [info] Getting sessions for all scopes...
2025-11-01 15:32:31.396 [info] Got 2 sessions for ...
2025-11-01 15:32:31.396 [info] Getting sessions for all scopes...
2025-11-01 15:32:31.396 [info] Got 2 sessions for ...
2025-11-01 15:32:31.397 [info] Getting sessions for all scopes...
2025-11-01 15:32:31.397 [info] Got 2 sessions for ...
2025-11-01 15:32:31.865 [info] Getting sessions for user:email...
2025-11-01 15:32:31.865 [info] Got 1 sessions for user:email...
2025-11-01 15:32:31.987 [info] Getting sessions for all scopes...
2025-11-01 15:32:31.987 [info] Got 2 sessions for ...
2025-11-01 15:32:32.598 [info] Getting sessions for all scopes...
2025-11-01 15:32:32.598 [info] Got 2 sessions for ...
2025-11-01 15:32:32.598 [info] Getting sessions for all scopes...
2025-11-01 15:32:32.598 [info] Got 2 sessions for ...
2025-11-01 15:32:32.608 [info] Getting sessions for all scopes...
2025-11-01 15:32:32.608 [info] Got 2 sessions for ...
2025-11-01 15:32:33.110 [info] FetcherService: Electron fetch failed with status: 429 
2025-11-01 15:32:33.906 [info] FetcherService: Node fetch failed with status: 429 Too Many Requests
2025-11-01 15:32:34.676 [info] FetcherService: Node http/s failed with status: 429 Too Many Requests
2025-11-01 15:33:06.076 [info] Reading sessions from keychain...
2025-11-01 15:33:06.076 [info] Getting sessions for all scopes...
2025-11-01 15:33:06.076 [info] Got stored sessions!
2025-11-01 15:33:06.076 [info] Got 2 verified sessions.
2025-11-01 15:33:06.076 [info] Got 2 sessions for ...
2025-11-01 15:33:06.076 [info] Getting sessions for all scopes...
2025-11-01 15:33:06.076 [info] Got 2 sessions for ...
2025-11-01 15:33:06.076 [info] Getting sessions for all scopes...
2025-11-01 15:33:06.076 [info] Got 2 sessions for ...
2025-11-01 15:33:06.076 [info] Getting sessions for all scopes...
2025-11-01 15:33:06.076 [info] Got 2 sessions for ...
2025-11-01 15:33:06.076 [info] Getting sessions for all scopes...
2025-11-01 15:33:06.076 [info] Got 2 sessions for ...
2025-11-01 15:33:06.076 [info] Getting sessions for all scopes...
2025-11-01 15:33:06.076 [info] Got 2 sessions for ...
2025-11-01 15:33:06.076 [info] Getting sessions for all scopes...
2025-11-01 15:33:06.076 [info] Got 2 sessions for ...
2025-11-01 15:33:06.076 [info] Getting sessions for all scopes...
2025-11-01 15:33:06.076 [info] Got 2 sessions for ...
2025-11-01 15:33:06.076 [info] Getting sessions for all scopes...
2025-11-01 15:33:06.076 [info] Got 2 sessions for ...
2025-11-01 15:33:06.076 [info] Getting sessions for all scopes...
2025-11-01 15:33:06.076 [info] Got 2 sessions for ...
2025-11-01 15:33:06.076 [info] Getting sessions for all scopes...
2025-11-01 15:33:06.076 [info] Got 2 sessions for ...
2025-11-01 15:33:06.076 [info] Getting sessions for all scopes...
2025-11-01 15:33:06.076 [info] Got 2 sessions for ...
2025-11-01 15:33:06.076 [info] Getting sessions for all scopes...
2025-11-01 15:33:06.076 [info] Got 2 sessions for ...
2025-11-01 15:33:06.076 [info] Getting sessions for all scopes...
2025-11-01 15:33:06.076 [info] Got 2 sessions for ...
2025-11-01 15:33:06.082 [info] Getting sessions for user:email...
2025-11-01 15:33:06.082 [info] Got 1 sessions for user:email...
2025-11-01 15:33:06.158 [info] Getting sessions for all scopes...
2025-11-01 15:33:06.158 [info] Got 2 sessions for ...
2025-11-01 15:33:07.421 [info] FetcherService: Electron fetch failed with status: 429 
2025-11-01 15:33:07.727 [info] Getting sessions for all scopes...
2025-11-01 15:33:07.727 [info] Got 2 sessions for ...
2025-11-01 15:33:07.729 [info] Getting sessions for all scopes...
2025-11-01 15:33:07.729 [info] Got 2 sessions for ...
2025-11-01 15:33:07.733 [info] Getting sessions for all scopes...
2025-11-01 15:33:07.733 [info] Got 2 sessions for ...
2025-11-01 15:33:08.285 [info] FetcherService: Node fetch failed with status: 429 Too Many Requests
2025-11-01 15:33:09.338 [info] FetcherService: Node http/s failed with status: 429 Too Many Requests
2025-11-01 15:33:14.703 [info] Getting sessions for read:user,repo,user:email,workflow...
2025-11-01 15:33:14.703 [info] Got 1 sessions for read:user,repo,user:email,workflow...
2025-11-01 15:36:09.974 [info] Getting sessions for read:user,repo,user:email,workflow...
2025-11-01 15:36:09.974 [info] Got 1 sessions for read:user,repo,user:email,workflow...
2025-11-01 15:36:11.173 [info] Getting sessions for read:user,repo,user:email,workflow...
2025-11-01 15:36:11.173 [info] Got 1 sessions for read:user,repo,user:email,workflow...
2025-11-01 15:37:56.102 [info] Getting sessions for read:user,repo,user:email,workflow...
2025-11-01 15:37:56.102 [info] Got 1 sessions for read:user,repo,user:email,workflow...
2025-11-01 15:38:06.776 [info] Reading sessions from keychain...
2025-11-01 15:38:06.776 [info] Got stored sessions!
2025-11-01 15:38:06.776 [info] Got 2 verified sessions.
2025-11-01 15:38:06.776 [info] Getting sessions for all scopes...
2025-11-01 15:38:06.776 [info] Got 2 sessions for ...
2025-11-01 15:38:06.776 [info] Getting sessions for all scopes...
2025-11-01 15:38:06.776 [info] Got 2 sessions for ...
2025-11-01 15:38:06.776 [info] Getting sessions for all scopes...
2025-11-01 15:38:06.776 [info] Got 2 sessions for ...
2025-11-01 15:38:06.776 [info] Getting sessions for all scopes...
2025-11-01 15:38:06.776 [info] Got 2 sessions for ...
2025-11-01 15:38:06.776 [info] Getting sessions for user:email...
2025-11-01 15:38:06.776 [info] Got 1 sessions for user:email...
2025-11-01 15:38:06.776 [info] Getting sessions for all scopes...
2025-11-01 15:38:06.776 [info] Got 2 sessions for ...
2025-11-01 15:38:06.776 [info] Getting sessions for all scopes...
2025-11-01 15:38:06.776 [info] Got 2 sessions for ...
2025-11-01 15:38:06.776 [info] Getting sessions for all scopes...
2025-11-01 15:38:06.776 [info] Got 2 sessions for ...
2025-11-01 15:38:07.731 [info] Getting sessions for read:user,repo,user:email,workflow...
2025-11-01 15:38:07.731 [info] Got 1 sessions for read:user,repo,user:email,workflow...
2025-11-01 15:38:07.877 [info] Getting sessions for read:user,repo,user:email,workflow...
2025-11-01 15:38:07.877 [info] Got 1 sessions for read:user,repo,user:email,workflow...
2025-11-01 15:38:08.514 [info] FetcherService: Electron fetch failed with status: 429 
2025-11-01 15:38:09.248 [info] FetcherService: Node fetch failed with status: 429 Too Many Requests
2025-11-01 15:38:10.000 [info] FetcherService: Node http/s failed with status: 429 Too Many Requests
