2025-10-31 21:02:27.129 [info] Reading sessions from keychain...
2025-10-31 21:02:27.130 [info] Getting sessions for all scopes...
2025-10-31 21:02:27.304 [info] Got stored sessions!
2025-10-31 21:02:27.304 [info] Got 2 verified sessions.
2025-10-31 21:02:27.304 [info] Got 2 sessions for ...
2025-10-31 21:02:27.304 [info] Getting sessions for all scopes...
2025-10-31 21:02:27.304 [info] Got 2 sessions for ...
2025-10-31 21:02:27.304 [info] Getting sessions for all scopes...
2025-10-31 21:02:27.304 [info] Got 2 sessions for ...
2025-10-31 21:02:27.304 [info] Getting sessions for all scopes...
2025-10-31 21:02:27.304 [info] Got 2 sessions for ...
2025-10-31 21:02:27.304 [info] Getting sessions for all scopes...
2025-10-31 21:02:27.304 [info] Got 2 sessions for ...
2025-10-31 21:02:27.304 [info] Getting sessions for all scopes...
2025-10-31 21:02:27.304 [info] Got 2 sessions for ...
2025-10-31 21:02:27.304 [info] Getting sessions for all scopes...
2025-10-31 21:02:27.304 [info] Got 2 sessions for ...
2025-10-31 21:02:27.304 [info] Getting sessions for all scopes...
2025-10-31 21:02:27.304 [info] Got 2 sessions for ...
2025-10-31 21:02:27.320 [info] Getting sessions for all scopes...
2025-10-31 21:02:27.321 [info] Got 2 sessions for ...
2025-10-31 21:02:27.321 [info] Getting sessions for all scopes...
2025-10-31 21:02:27.321 [info] Got 2 sessions for ...
2025-10-31 21:02:27.321 [info] Getting sessions for all scopes...
2025-10-31 21:02:27.321 [info] Got 2 sessions for ...
2025-10-31 21:02:27.321 [info] Getting sessions for all scopes...
2025-10-31 21:02:27.321 [info] Got 2 sessions for ...
2025-10-31 21:02:27.322 [info] Getting sessions for all scopes...
2025-10-31 21:02:27.322 [info] Got 2 sessions for ...
2025-10-31 21:02:27.322 [info] Getting sessions for all scopes...
2025-10-31 21:02:27.322 [info] Got 2 sessions for ...
2025-10-31 21:02:27.416 [info] Getting sessions for all scopes...
2025-10-31 21:02:27.416 [info] Got 2 sessions for ...
2025-10-31 21:02:28.030 [info] Getting sessions for user:email...
2025-10-31 21:02:28.030 [info] Got 1 sessions for user:email...
2025-10-31 21:02:28.037 [info] Getting sessions for all scopes...
2025-10-31 21:02:28.037 [info] Got 2 sessions for ...
2025-10-31 21:02:28.415 [info] Getting sessions for all scopes...
2025-10-31 21:02:28.415 [info] Got 2 sessions for ...
2025-10-31 21:02:28.415 [info] Getting sessions for all scopes...
2025-10-31 21:02:28.415 [info] Got 2 sessions for ...
2025-10-31 21:02:28.427 [info] Getting sessions for all scopes...
2025-10-31 21:02:28.427 [info] Got 2 sessions for ...
2025-10-31 21:02:29.111 [info] FetcherService: Electron fetch failed with status: 429 
2025-10-31 21:02:30.154 [info] FetcherService: Node fetch failed with status: 429 Too Many Requests
2025-10-31 21:02:30.908 [info] FetcherService: Node http/s failed with status: 429 Too Many Requests
