2025-10-31 21:00:10.586 [info] Reading sessions from keychain...
2025-10-31 21:00:10.586 [info] Getting sessions for all scopes...
2025-10-31 21:00:10.592 [info] Got stored sessions!
2025-10-31 21:00:10.592 [info] Got 2 verified sessions.
2025-10-31 21:00:10.592 [info] Got 2 sessions for ...
2025-10-31 21:00:10.592 [info] Getting sessions for all scopes...
2025-10-31 21:00:10.592 [info] Got 2 sessions for ...
2025-10-31 21:00:10.592 [info] Getting sessions for all scopes...
2025-10-31 21:00:10.592 [info] Got 2 sessions for ...
2025-10-31 21:00:10.592 [info] Getting sessions for all scopes...
2025-10-31 21:00:10.592 [info] Got 2 sessions for ...
2025-10-31 21:00:10.592 [info] Getting sessions for all scopes...
2025-10-31 21:00:10.592 [info] Got 2 sessions for ...
2025-10-31 21:00:10.592 [info] Getting sessions for all scopes...
2025-10-31 21:00:10.592 [info] Got 2 sessions for ...
2025-10-31 21:00:10.592 [info] Getting sessions for all scopes...
2025-10-31 21:00:10.592 [info] Got 2 sessions for ...
2025-10-31 21:00:10.632 [info] Getting sessions for all scopes...
2025-10-31 21:00:10.632 [info] Got 2 sessions for ...
2025-10-31 21:00:10.634 [info] Getting sessions for all scopes...
2025-10-31 21:00:10.634 [info] Got 2 sessions for ...
2025-10-31 21:00:10.634 [info] Getting sessions for all scopes...
2025-10-31 21:00:10.634 [info] Got 2 sessions for ...
2025-10-31 21:00:10.637 [info] Getting sessions for all scopes...
2025-10-31 21:00:10.637 [info] Got 2 sessions for ...
2025-10-31 21:00:10.637 [info] Getting sessions for all scopes...
2025-10-31 21:00:10.637 [info] Got 2 sessions for ...
2025-10-31 21:00:10.637 [info] Getting sessions for all scopes...
2025-10-31 21:00:10.638 [info] Got 2 sessions for ...
2025-10-31 21:00:12.186 [info] Getting sessions for all scopes...
2025-10-31 21:00:12.186 [info] Got 2 sessions for ...
2025-10-31 21:00:12.295 [info] Getting sessions for user:email...
2025-10-31 21:00:12.295 [info] Got 1 sessions for user:email...
2025-10-31 21:00:12.857 [info] Getting sessions for all scopes...
2025-10-31 21:00:12.857 [info] Got 2 sessions for ...
2025-10-31 21:00:13.518 [info] Getting sessions for all scopes...
2025-10-31 21:00:13.518 [info] Got 2 sessions for ...
2025-10-31 21:00:13.518 [info] Getting sessions for all scopes...
2025-10-31 21:00:13.518 [info] Got 2 sessions for ...
2025-10-31 21:00:13.521 [info] Getting sessions for all scopes...
2025-10-31 21:00:13.521 [info] Got 2 sessions for ...
2025-10-31 21:00:18.163 [info] FetcherService: Electron fetch failed with status: 429 
2025-10-31 21:00:19.078 [info] FetcherService: Node fetch failed with status: 429 Too Many Requests
2025-10-31 21:00:19.999 [info] FetcherService: Node http/s failed with status: 429 Too Many Requests
