2025-11-01 15:29:40.628 [info] Reading sessions from keychain...
2025-11-01 15:29:40.628 [info] Getting sessions for all scopes...
2025-11-01 15:29:40.643 [info] Got stored sessions!
2025-11-01 15:29:40.643 [info] Got 2 verified sessions.
2025-11-01 15:29:40.643 [info] Got 2 sessions for ...
2025-11-01 15:29:40.643 [info] Getting sessions for all scopes...
2025-11-01 15:29:40.643 [info] Got 2 sessions for ...
2025-11-01 15:29:40.643 [info] Getting sessions for all scopes...
2025-11-01 15:29:40.643 [info] Got 2 sessions for ...
2025-11-01 15:29:40.643 [info] Getting sessions for all scopes...
2025-11-01 15:29:40.643 [info] Got 2 sessions for ...
2025-11-01 15:29:40.643 [info] Getting sessions for all scopes...
2025-11-01 15:29:40.643 [info] Got 2 sessions for ...
2025-11-01 15:29:40.643 [info] Getting sessions for all scopes...
2025-11-01 15:29:40.643 [info] Got 2 sessions for ...
2025-11-01 15:29:40.644 [info] Getting sessions for all scopes...
2025-11-01 15:29:40.644 [info] Got 2 sessions for ...
2025-11-01 15:29:40.670 [info] Getting sessions for all scopes...
2025-11-01 15:29:40.670 [info] Got 2 sessions for ...
2025-11-01 15:29:40.671 [info] Getting sessions for all scopes...
2025-11-01 15:29:40.671 [info] Got 2 sessions for ...
2025-11-01 15:29:40.671 [info] Getting sessions for all scopes...
2025-11-01 15:29:40.671 [info] Got 2 sessions for ...
2025-11-01 15:29:40.671 [info] Getting sessions for all scopes...
2025-11-01 15:29:40.671 [info] Got 2 sessions for ...
2025-11-01 15:29:40.671 [info] Getting sessions for all scopes...
2025-11-01 15:29:40.671 [info] Got 2 sessions for ...
2025-11-01 15:29:40.671 [info] Getting sessions for all scopes...
2025-11-01 15:29:40.671 [info] Got 2 sessions for ...
2025-11-01 15:29:40.753 [info] Getting sessions for all scopes...
2025-11-01 15:29:40.753 [info] Got 2 sessions for ...
2025-11-01 15:29:41.109 [info] Getting sessions for user:email...
2025-11-01 15:29:41.110 [info] Got 1 sessions for user:email...
2025-11-01 15:29:41.196 [info] Getting sessions for all scopes...
2025-11-01 15:29:41.196 [info] Got 2 sessions for ...
2025-11-01 15:29:41.894 [info] Getting sessions for all scopes...
2025-11-01 15:29:41.894 [info] Got 2 sessions for ...
2025-11-01 15:29:41.894 [info] Getting sessions for all scopes...
2025-11-01 15:29:41.894 [info] Got 2 sessions for ...
2025-11-01 15:29:41.906 [info] Getting sessions for all scopes...
2025-11-01 15:29:41.906 [info] Got 2 sessions for ...
2025-11-01 15:29:42.503 [info] FetcherService: Electron fetch failed with status: 429 
2025-11-01 15:29:43.270 [info] FetcherService: Node fetch failed with status: 429 Too Many Requests
2025-11-01 15:29:44.125 [info] FetcherService: Node http/s failed with status: 429 Too Many Requests
