2025-11-01 15:48:12.845 [info] Reading sessions from keychain...
2025-11-01 15:48:12.845 [info] Getting sessions for all scopes...
2025-11-01 15:48:13.031 [info] Got stored sessions!
2025-11-01 15:48:13.031 [info] Got 2 verified sessions.
2025-11-01 15:48:13.031 [info] Got 2 sessions for ...
2025-11-01 15:48:13.033 [info] Getting sessions for all scopes...
2025-11-01 15:48:13.033 [info] Got 2 sessions for ...
2025-11-01 15:48:13.034 [info] Getting sessions for all scopes...
2025-11-01 15:48:13.034 [info] Got 2 sessions for ...
2025-11-01 15:48:13.035 [info] Getting sessions for all scopes...
2025-11-01 15:48:13.035 [info] Got 2 sessions for ...
2025-11-01 15:48:13.035 [info] Getting sessions for all scopes...
2025-11-01 15:48:13.035 [info] Got 2 sessions for ...
2025-11-01 15:48:13.036 [info] Getting sessions for all scopes...
2025-11-01 15:48:13.036 [info] Got 2 sessions for ...
2025-11-01 15:48:13.036 [info] Getting sessions for all scopes...
2025-11-01 15:48:13.036 [info] Got 2 sessions for ...
2025-11-01 15:48:13.036 [info] Getting sessions for all scopes...
2025-11-01 15:48:13.036 [info] Got 2 sessions for ...
2025-11-01 15:48:13.093 [info] Getting sessions for all scopes...
2025-11-01 15:48:13.093 [info] Got 2 sessions for ...
2025-11-01 15:48:13.094 [info] Getting sessions for all scopes...
2025-11-01 15:48:13.094 [info] Got 2 sessions for ...
2025-11-01 15:48:13.094 [info] Getting sessions for all scopes...
2025-11-01 15:48:13.094 [info] Got 2 sessions for ...
2025-11-01 15:48:13.094 [info] Getting sessions for all scopes...
2025-11-01 15:48:13.094 [info] Got 2 sessions for ...
2025-11-01 15:48:13.095 [info] Getting sessions for all scopes...
2025-11-01 15:48:13.095 [info] Got 2 sessions for ...
2025-11-01 15:48:13.095 [info] Getting sessions for all scopes...
2025-11-01 15:48:13.095 [info] Got 2 sessions for ...
2025-11-01 15:48:13.354 [info] Getting sessions for all scopes...
2025-11-01 15:48:13.354 [info] Got 2 sessions for ...
2025-11-01 15:48:14.383 [info] Getting sessions for user:email...
2025-11-01 15:48:14.383 [info] Got 1 sessions for user:email...
2025-11-01 15:48:14.427 [info] Getting sessions for all scopes...
2025-11-01 15:48:14.427 [info] Got 2 sessions for ...
2025-11-01 15:48:14.483 [info] Getting sessions for read:user,repo,user:email,workflow...
2025-11-01 15:48:14.483 [info] Got 1 sessions for read:user,repo,user:email,workflow...
2025-11-01 15:48:15.246 [info] FetcherService: Electron fetch failed with status: 429 
2025-11-01 15:48:15.993 [info] FetcherService: Node fetch failed with status: 429 Too Many Requests
2025-11-01 15:48:16.141 [info] Getting sessions for all scopes...
2025-11-01 15:48:16.141 [info] Got 2 sessions for ...
2025-11-01 15:48:16.160 [info] Getting sessions for all scopes...
2025-11-01 15:48:16.160 [info] Got 2 sessions for ...
2025-11-01 15:48:16.171 [info] Getting sessions for all scopes...
2025-11-01 15:48:16.171 [info] Got 2 sessions for ...
2025-11-01 15:48:16.749 [info] FetcherService: Node http/s failed with status: 429 Too Many Requests
2025-11-01 15:48:57.270 [info] Getting sessions for read:user,repo,user:email,workflow...
2025-11-01 15:48:57.270 [info] Got 1 sessions for read:user,repo,user:email,workflow...
