2025-11-01 11:29:08.258 [info] Reading sessions from keychain...
2025-11-01 11:29:08.258 [info] Getting sessions for all scopes...
2025-11-01 11:29:08.463 [info] Got stored sessions!
2025-11-01 11:29:08.464 [info] Got 2 verified sessions.
2025-11-01 11:29:08.464 [info] Got 2 sessions for ...
2025-11-01 11:29:08.464 [info] Getting sessions for all scopes...
2025-11-01 11:29:08.464 [info] Got 2 sessions for ...
2025-11-01 11:29:08.464 [info] Getting sessions for all scopes...
2025-11-01 11:29:08.465 [info] Got 2 sessions for ...
2025-11-01 11:29:08.465 [info] Getting sessions for all scopes...
2025-11-01 11:29:08.465 [info] Got 2 sessions for ...
2025-11-01 11:29:08.465 [info] Getting sessions for all scopes...
2025-11-01 11:29:08.465 [info] Got 2 sessions for ...
2025-11-01 11:29:08.465 [info] Getting sessions for all scopes...
2025-11-01 11:29:08.465 [info] Got 2 sessions for ...
2025-11-01 11:29:08.465 [info] Getting sessions for all scopes...
2025-11-01 11:29:08.465 [info] Got 2 sessions for ...
2025-11-01 11:29:08.500 [info] Getting sessions for all scopes...
2025-11-01 11:29:08.500 [info] Got 2 sessions for ...
2025-11-01 11:29:08.500 [info] Getting sessions for all scopes...
2025-11-01 11:29:08.500 [info] Got 2 sessions for ...
2025-11-01 11:29:08.500 [info] Getting sessions for all scopes...
2025-11-01 11:29:08.500 [info] Got 2 sessions for ...
2025-11-01 11:29:08.501 [info] Getting sessions for all scopes...
2025-11-01 11:29:08.501 [info] Got 2 sessions for ...
2025-11-01 11:29:08.501 [info] Getting sessions for all scopes...
2025-11-01 11:29:08.501 [info] Got 2 sessions for ...
2025-11-01 11:29:08.501 [info] Getting sessions for all scopes...
2025-11-01 11:29:08.501 [info] Got 2 sessions for ...
2025-11-01 11:29:08.634 [info] Getting sessions for all scopes...
2025-11-01 11:29:08.634 [info] Got 2 sessions for ...
2025-11-01 11:29:09.343 [info] Getting sessions for user:email...
2025-11-01 11:29:09.343 [info] Got 1 sessions for user:email...
2025-11-01 11:29:09.433 [info] Getting sessions for all scopes...
2025-11-01 11:29:09.433 [info] Got 2 sessions for ...
2025-11-01 11:29:09.663 [info] Getting sessions for all scopes...
2025-11-01 11:29:09.663 [info] Got 2 sessions for ...
2025-11-01 11:29:09.664 [info] Getting sessions for all scopes...
2025-11-01 11:29:09.664 [info] Got 2 sessions for ...
2025-11-01 11:29:09.667 [info] Getting sessions for all scopes...
2025-11-01 11:29:09.667 [info] Got 2 sessions for ...
2025-11-01 11:29:10.272 [info] FetcherService: Electron fetch failed with status: 429 
2025-11-01 11:29:11.022 [info] FetcherService: Node fetch failed with status: 429 Too Many Requests
2025-11-01 11:29:11.762 [info] FetcherService: Node http/s failed with status: 429 Too Many Requests
