2025-11-01 15:48:13.754 [info] [main] Log level: Info
2025-11-01 15:48:13.754 [info] [main] Validating found git in: "git"
2025-11-01 15:48:13.754 [info] [main] Using git "2.51.2" from "git"
2025-11-01 15:48:13.754 [info] [Model][doInitialScan] Initial repository scan started
2025-11-01 15:48:13.754 [info] > git rev-parse --show-toplevel [8ms]
2025-11-01 15:48:13.754 [info] > git rev-parse --git-dir --git-common-dir --show-superproject-working-tree [14ms]
2025-11-01 15:48:13.754 [info] [Model][openRepository] Opened repository (path): /home/avery/Documents/Personal/Dotfiles
2025-11-01 15:48:13.754 [info] [Model][openRepository] Opened repository (real path): /home/avery/Documents/Personal/Dotfiles
2025-11-01 15:48:13.754 [info] [Model][openRepository] Opened repository (kind): repository
2025-11-01 15:48:13.754 [info] [Model][doInitialScan] Initial repository scan completed - repositories (1), closed repositories (0), parent repositories (0), unsafe repositories (0)
2025-11-01 15:48:13.754 [info] > git config --get commit.template [7ms]
2025-11-01 15:48:13.754 [info] > git for-each-ref --format=%(refname)%00%(upstream:short)%00%(objectname)%00%(upstream:track)%00%(upstream:remotename)%00%(upstream:remoteref) refs/heads/main refs/remotes/main [3ms]
2025-11-01 15:48:13.754 [info] > git status -z -uall [21ms]
2025-11-01 15:48:13.754 [info] > git for-each-ref --sort -committerdate --format %(refname)%00%(objectname)%00%(*objectname) [31ms]
2025-11-01 15:48:13.754 [info] > git for-each-ref --format=%(refname)%00%(upstream:short)%00%(objectname)%00%(upstream:track)%00%(upstream:remotename)%00%(upstream:remoteref) refs/heads/main refs/remotes/main [6ms]
2025-11-01 15:48:13.754 [info] > git config --get --local branch.main.vscode-merge-base [107ms]
2025-11-01 15:48:13.754 [info] > git for-each-ref --format=%(refname)%00%(upstream:short)%00%(objectname)%00%(upstream:track)%00%(upstream:remotename)%00%(upstream:remoteref) refs/heads/origin/main refs/remotes/origin/main [57ms]
2025-11-01 15:48:13.754 [info] > git config --get commit.template [70ms]
2025-11-01 15:48:13.761 [info] > git merge-base refs/heads/main refs/remotes/origin/main [9ms]
2025-11-01 15:48:13.772 [info] > git for-each-ref --format=%(refname)%00%(upstream:short)%00%(objectname)%00%(upstream:track)%00%(upstream:remotename)%00%(upstream:remoteref) refs/heads/main refs/remotes/main [12ms]
2025-11-01 15:48:13.773 [info] > git diff --name-status -z --diff-filter=ADMR 3b88568d9a197519d8f7af7ea22746d650fbfdc6...refs/remotes/origin/main [2ms]
2025-11-01 15:48:13.792 [info] > git status -z -uall [8ms]
2025-11-01 15:48:13.794 [info] > git for-each-ref --sort -committerdate --format %(refname)%00%(objectname)%00%(*objectname) [4ms]
2025-11-01 15:48:14.464 [info] > git check-ignore -v -z --stdin [137ms]
2025-11-01 15:48:14.464 [info] > git fetch [1042ms]
2025-11-01 15:48:14.619 [info] > git config --get commit.template [8ms]
2025-11-01 15:48:14.635 [info] > git for-each-ref --format=%(refname)%00%(upstream:short)%00%(objectname)%00%(upstream:track)%00%(upstream:remotename)%00%(upstream:remoteref) refs/heads/main refs/remotes/main [4ms]
2025-11-01 15:48:14.666 [info] > git status -z -uall [16ms]
2025-11-01 15:48:14.725 [info] > git for-each-ref --sort -committerdate --format %(refname)%00%(objectname)%00%(*objectname) [61ms]
2025-11-01 15:48:14.728 [info] > git show --textconv :README.md [46ms]
2025-11-01 15:48:14.738 [info] > git ls-files --stage -- README.md [41ms]
2025-11-01 15:48:14.749 [info] > git cat-file -s 91b64c4b1d193af9340ede06051a83fe4c79df3e [3ms]
2025-11-01 15:48:14.982 [info] > git blame --root --incremental 3b88568d9a197519d8f7af7ea22746d650fbfdc6 -- README.md [5ms]
2025-11-01 15:48:15.863 [info] > git ls-files --stage -- README.md [5ms]
2025-11-01 15:48:15.871 [info] > git cat-file -s 91b64c4b1d193af9340ede06051a83fe4c79df3e [1ms]
2025-11-01 15:48:15.900 [info] > git show --textconv :README.md [2ms]
2025-11-01 15:48:18.970 [info] > git log --format=%H%n%aN%n%aE%n%at%n%ct%n%P%n%D%n%B -z --shortstat --diff-merges=first-parent -n50 --skip=0 --topo-order --decorate=full --stdin [2ms]
2025-11-01 15:48:19.576 [info] > git check-ignore -v -z --stdin [3ms]
2025-11-01 15:48:26.345 [info] > git log --format=%H%n%aN%n%aE%n%at%n%ct%n%P%n%D%n%B -z --shortstat --diff-merges=first-parent -n50 --skip=0 --topo-order --decorate=full --stdin [1ms]
2025-11-01 15:48:53.250 [info] > git add -A -- . [4ms]
2025-11-01 15:48:53.266 [info] > git config --get commit.template [4ms]
2025-11-01 15:48:53.267 [info] > git for-each-ref --format=%(refname)%00%(upstream:short)%00%(objectname)%00%(upstream:track)%00%(upstream:remotename)%00%(upstream:remoteref) refs/heads/main refs/remotes/main [1ms]
2025-11-01 15:48:53.280 [info] > git status -z -uall [7ms]
2025-11-01 15:48:53.281 [info] > git for-each-ref --sort -committerdate --format %(refname)%00%(objectname)%00%(*objectname) [2ms]
2025-11-01 15:48:53.296 [info] > git -c user.useConfigOnly=true commit --quiet --allow-empty-message --file - [4ms]
2025-11-01 15:48:53.300 [info] > git config --get commit.template [1ms]
2025-11-01 15:48:53.307 [info] > git config --get commit.template [2ms]
2025-11-01 15:48:53.315 [info] > git for-each-ref --format=%(refname)%00%(upstream:short)%00%(objectname)%00%(upstream:track)%00%(upstream:remotename)%00%(upstream:remoteref) refs/heads/main refs/remotes/main [3ms]
2025-11-01 15:48:53.329 [info] > git status -z -uall [6ms]
2025-11-01 15:48:53.329 [info] > git for-each-ref --sort -committerdate --format %(refname)%00%(objectname)%00%(*objectname) [1ms]
2025-11-01 15:48:53.351 [info] > git merge-base refs/heads/main refs/remotes/origin/main [4ms]
2025-11-01 15:48:53.358 [info] > git blame --root --incremental 55510378e7383265beea9ff2a6c66223c15001f6 -- README.md [20ms]
2025-11-01 15:48:53.361 [info] > git diff --name-status -z --diff-filter=ADMR 3b88568d9a197519d8f7af7ea22746d650fbfdc6...refs/remotes/origin/main [3ms]
2025-11-01 15:48:53.393 [info] > git log --format=%H%n%aN%n%aE%n%at%n%ct%n%P%n%D%n%B -z --shortstat --diff-merges=first-parent -n50 --skip=0 --topo-order --decorate=full --stdin [4ms]
2025-11-01 15:48:53.412 [info] > git for-each-ref --format=%(refname)%00%(upstream:short)%00%(objectname)%00%(upstream:track)%00%(upstream:remotename)%00%(upstream:remoteref) refs/heads/main refs/remotes/main [3ms]
2025-11-01 15:48:53.412 [info] > git config --get commit.template [9ms]
2025-11-01 15:48:53.424 [info] > git status -z -uall [6ms]
2025-11-01 15:48:53.425 [info] > git for-each-ref --sort -committerdate --format %(refname)%00%(objectname)%00%(*objectname) [2ms]
2025-11-01 15:48:54.451 [info] > git config --get commit.template [10ms]
2025-11-01 15:48:54.452 [info] > git for-each-ref --format=%(refname)%00%(upstream:short)%00%(objectname)%00%(upstream:track)%00%(upstream:remotename)%00%(upstream:remoteref) refs/heads/main refs/remotes/main [2ms]
2025-11-01 15:48:54.464 [info] > git status -z -uall [7ms]
2025-11-01 15:48:54.465 [info] > git for-each-ref --sort -committerdate --format %(refname)%00%(objectname)%00%(*objectname) [1ms]
2025-11-01 15:48:54.543 [info] > git ls-files --stage -- README.md [2ms]
2025-11-01 15:48:54.552 [info] > git cat-file -s e281a64a225718a1e9db8da647e8491e13a9c546 [2ms]
2025-11-01 15:48:54.559 [info] > git show --textconv :README.md [1ms]
2025-11-01 15:48:56.035 [info] > git log --oneline --cherry main...main@{upstream} -- [2ms]
2025-11-01 15:48:56.777 [info] > git pull --tags origin main [737ms]
2025-11-01 15:48:56.777 [info] From https://github.com/Adovaz/Dotfiles
 * branch            main       -> FETCH_HEAD
2025-11-01 15:48:57.954 [info] > git ls-files --stage -- README.md [2ms]
2025-11-01 15:48:57.964 [info] > git cat-file -s e281a64a225718a1e9db8da647e8491e13a9c546 [2ms]
2025-11-01 15:48:57.972 [info] > git show --textconv :README.md [2ms]
2025-11-01 15:48:58.304 [info] > git push origin main:main [1520ms]
2025-11-01 15:48:58.304 [info] /bin/sh: warning: setlocale: LC_ALL: cannot change locale (en_US.UTF-8): No such file or directory
/bin/sh: warning: setlocale: LC_ALL: cannot change locale (en_US.UTF-8): No such file or directory
To https://github.com/Adovaz/Dotfiles.git
   3b88568..5551037  main -> main
2025-11-01 15:48:58.318 [info] > git config --get commit.template [5ms]
2025-11-01 15:48:58.318 [info] > git for-each-ref --format=%(refname)%00%(upstream:short)%00%(objectname)%00%(upstream:track)%00%(upstream:remotename)%00%(upstream:remoteref) refs/heads/main refs/remotes/main [1ms]
2025-11-01 15:48:58.327 [info] > git status -z -uall [5ms]
2025-11-01 15:48:58.328 [info] > git for-each-ref --sort -committerdate --format %(refname)%00%(objectname)%00%(*objectname) [1ms]
2025-11-01 15:48:58.339 [info] > git merge-base refs/heads/main refs/remotes/origin/main [1ms]
2025-11-01 15:48:58.350 [info] > git diff --name-status -z --diff-filter=ADMR 55510378e7383265beea9ff2a6c66223c15001f6...refs/remotes/origin/main [5ms]
2025-11-01 15:48:58.351 [info] > git log --format=%H%n%aN%n%aE%n%at%n%ct%n%P%n%D%n%B -z --shortstat --diff-merges=first-parent -n50 --skip=0 --topo-order --decorate=full --stdin [2ms]
2025-11-01 15:48:59.487 [info] > git config --get commit.template [10ms]
2025-11-01 15:48:59.493 [info] > git for-each-ref --format=%(refname)%00%(upstream:short)%00%(objectname)%00%(upstream:track)%00%(upstream:remotename)%00%(upstream:remoteref) refs/heads/main refs/remotes/main [8ms]
2025-11-01 15:48:59.494 [info] > git ls-files --stage -- README.md [2ms]
2025-11-01 15:48:59.508 [info] > git status -z -uall [7ms]
2025-11-01 15:48:59.508 [info] > git cat-file -s e281a64a225718a1e9db8da647e8491e13a9c546 [11ms]
2025-11-01 15:48:59.509 [info] > git for-each-ref --sort -committerdate --format %(refname)%00%(objectname)%00%(*objectname) [2ms]
2025-11-01 15:48:59.516 [info] > git show --textconv :README.md [2ms]
