2025-11-01 14:09:33.914 [info] Reading sessions from keychain...
2025-11-01 14:09:33.914 [info] Got stored sessions!
2025-11-01 14:09:33.914 [info] Got 2 verified sessions.
2025-11-01 14:09:33.914 [info] Getting sessions for all scopes...
2025-11-01 14:09:33.914 [info] Got 2 sessions for ...
2025-11-01 14:09:33.914 [info] Getting sessions for all scopes...
2025-11-01 14:09:33.914 [info] Got 2 sessions for ...
2025-11-01 14:09:33.914 [info] Getting sessions for all scopes...
2025-11-01 14:09:33.914 [info] Got 2 sessions for ...
2025-11-01 14:09:33.914 [info] Getting sessions for all scopes...
2025-11-01 14:09:33.915 [info] Got 2 sessions for ...
2025-11-01 14:09:33.915 [info] Getting sessions for all scopes...
2025-11-01 14:09:33.915 [info] Got 2 sessions for ...
2025-11-01 14:09:33.915 [info] Getting sessions for all scopes...
2025-11-01 14:09:33.915 [info] Got 2 sessions for ...
2025-11-01 14:09:33.915 [info] Getting sessions for all scopes...
2025-11-01 14:09:33.915 [info] Got 2 sessions for ...
2025-11-01 14:09:33.915 [info] Getting sessions for all scopes...
2025-11-01 14:09:33.915 [info] Got 2 sessions for ...
2025-11-01 14:09:33.930 [info] Getting sessions for all scopes...
2025-11-01 14:09:33.930 [info] Got 2 sessions for ...
2025-11-01 14:09:33.930 [info] Getting sessions for all scopes...
2025-11-01 14:09:33.930 [info] Got 2 sessions for ...
2025-11-01 14:09:33.930 [info] Getting sessions for all scopes...
2025-11-01 14:09:33.930 [info] Got 2 sessions for ...
2025-11-01 14:09:33.931 [info] Getting sessions for all scopes...
2025-11-01 14:09:33.931 [info] Got 2 sessions for ...
2025-11-01 14:09:33.931 [info] Getting sessions for all scopes...
2025-11-01 14:09:33.931 [info] Got 2 sessions for ...
2025-11-01 14:09:33.931 [info] Getting sessions for all scopes...
2025-11-01 14:09:33.931 [info] Got 2 sessions for ...
2025-11-01 14:09:34.576 [info] Getting sessions for user:email...
2025-11-01 14:09:34.576 [info] Got 1 sessions for user:email...
2025-11-01 14:09:34.815 [info] Getting sessions for all scopes...
2025-11-01 14:09:34.815 [info] Got 2 sessions for ...
2025-11-01 14:09:35.610 [info] Getting sessions for all scopes...
2025-11-01 14:09:35.611 [info] Got 2 sessions for ...
2025-11-01 14:09:35.611 [info] Getting sessions for all scopes...
2025-11-01 14:09:35.611 [info] Got 2 sessions for ...
2025-11-01 14:09:35.614 [info] Getting sessions for all scopes...
2025-11-01 14:09:35.614 [info] Got 2 sessions for ...
2025-11-01 14:09:36.309 [info] FetcherService: Electron fetch failed with status: 429 
2025-11-01 14:09:38.572 [info] FetcherService: Node fetch failed with status: 429 Too Many Requests
2025-11-01 14:09:39.509 [info] FetcherService: Node http/s failed with status: 429 Too Many Requests
