2025-11-01 15:48:11.832 [info] Extension host with pid 41588 started
2025-11-01 15:48:11.832 [info] Skipping acquiring lock for /home/avery/.config/Code/User/workspaceStorage/d2fd9efa8fcc3cdbd407a9008c911f49.
2025-11-01 15:48:12.242 [info] ExtensionService#_doActivateExtension vscode.github-authentication, startup: false, activationEvent: 'onAuthenticationRequest:github'
2025-11-01 15:48:12.266 [info] ExtensionService#_doActivateExtension vscode.emmet, startup: false, activationEvent: 'onLanguage'
2025-11-01 15:48:12.283 [info] ExtensionService#_doActivateExtension vscode.extension-editing, startup: false, activationEvent: 'onLanguage:markdown'
2025-11-01 15:48:12.293 [info] ExtensionService#_doActivateExtension vscode.markdown-language-features, startup: false, activationEvent: 'onLanguage:markdown'
2025-11-01 15:48:12.393 [info] ExtensionService#_doActivateExtension DavidAnson.vscode-markdownlint, startup: false, activationEvent: 'onLanguage:markdown'
2025-11-01 15:48:12.415 [info] ExtensionService#_doActivateExtension yzhang.markdown-all-in-one, startup: false, activationEvent: 'onLanguage:markdown'
2025-11-01 15:48:12.792 [info] ExtensionService#_doActivateExtension vscode.markdown-math, startup: false, activationEvent: 'api', root cause: yzhang.markdown-all-in-one
2025-11-01 15:48:13.016 [info] ExtensionService#_doActivateExtension vscode.git-base, startup: true, activationEvent: '*', root cause: vscode.git
2025-11-01 15:48:13.022 [info] ExtensionService#_doActivateExtension aibnuhibban.lumen-smart-command, startup: true, activationEvent: '*'
2025-11-01 15:48:13.178 [info] ExtensionService#_doActivateExtension vscode.git, startup: true, activationEvent: '*'
2025-11-01 15:48:13.253 [info] ExtensionService#_doActivateExtension vscode.github, startup: true, activationEvent: '*'
2025-11-01 15:48:13.513 [info] ExtensionService#_doActivateExtension git-emoji.vscode-git-emoji, startup: false, activationEvent: 'onLanguage:scminput'
2025-11-01 15:48:13.669 [info] Eager extensions activated
2025-11-01 15:48:13.798 [info] ExtensionService#_doActivateExtension vscode.debug-auto-launch, startup: false, activationEvent: 'onStartupFinished'
2025-11-01 15:48:13.800 [info] ExtensionService#_doActivateExtension vscode.merge-conflict, startup: false, activationEvent: 'onStartupFinished'
2025-11-01 15:48:13.827 [info] ExtensionService#_doActivateExtension bradlc.vscode-tailwindcss, startup: false, activationEvent: 'onStartupFinished'
2025-11-01 15:48:13.880 [info] ExtensionService#_doActivateExtension Catppuccin.catppuccin-vsc, startup: false, activationEvent: 'onStartupFinished'
2025-11-01 15:48:13.888 [info] ExtensionService#_doActivateExtension Catppuccin.catppuccin-vsc-icons, startup: false, activationEvent: 'onStartupFinished'
2025-11-01 15:48:14.030 [info] ExtensionService#_doActivateExtension ecmel.vscode-html-css, startup: false, activationEvent: 'onStartupFinished'
2025-11-01 15:48:14.031 [info] ExtensionService#_doActivateExtension esbenp.prettier-vscode, startup: false, activationEvent: 'onStartupFinished'
2025-11-01 15:48:14.120 [info] ExtensionService#_doActivateExtension PKief.material-icon-theme, startup: false, activationEvent: 'onStartupFinished'
2025-11-01 15:48:14.154 [info] ExtensionService#_doActivateExtension streetsidesoftware.code-spell-checker, startup: false, activationEvent: 'onStartupFinished'
2025-11-01 15:48:15.357 [info] ExtensionService#_doActivateExtension vscode.configuration-editing, startup: false, activationEvent: 'onLanguage:jsonc'
2025-11-01 15:48:15.368 [info] ExtensionService#_doActivateExtension vscode.json-language-features, startup: false, activationEvent: 'onLanguage:jsonc'
2025-11-01 15:48:15.437 [info] ExtensionService#_doActivateExtension vscode.typescript-language-features, startup: false, activationEvent: 'onLanguage:jsonc'
