2025-10-31 21:02:27.547 [info] [main] Log level: Info
2025-10-31 21:02:27.547 [info] [main] Validating found git in: "git"
2025-10-31 21:02:27.547 [info] [main] Using git "2.51.2" from "git"
2025-10-31 21:02:27.547 [info] [Model][doInitialScan] Initial repository scan started
2025-10-31 21:02:27.547 [info] > git rev-parse --show-toplevel [2ms]
2025-10-31 21:02:27.547 [info] > git rev-parse --path-format=relative --show-toplevel [2ms]
2025-10-31 21:02:27.547 [info] > git rev-parse --git-dir --git-common-dir --show-superproject-working-tree [5ms]
2025-10-31 21:02:27.547 [info] fatal: not a git repository (or any parent up to mount point /)
Stopping at filesystem boundary (GIT_DISCOVERY_ACROSS_FILESYSTEM not set).
2025-10-31 21:02:27.547 [info] [Model][doInitialScan] Initial repository scan completed - repositories (0), closed repositories (0), parent repositories (0), unsafe repositories (0)
2025-10-31 21:04:28.759 [info] > git rev-parse --show-toplevel [2ms]
2025-10-31 21:04:28.768 [info] > git rev-parse --path-format=relative --show-toplevel [4ms]
2025-10-31 21:04:28.774 [info] > git rev-parse --git-dir --git-common-dir --show-superproject-working-tree [2ms]
2025-10-31 21:04:28.774 [info] fatal: not a git repository (or any parent up to mount point /)
Stopping at filesystem boundary (GIT_DISCOVERY_ACROSS_FILESYSTEM not set).
2025-10-31 21:05:44.425 [info] > git rev-parse --show-toplevel [4ms]
2025-10-31 21:05:44.431 [info] > git rev-parse --path-format=relative --show-toplevel [2ms]
2025-10-31 21:05:44.439 [info] > git rev-parse --git-dir --git-common-dir --show-superproject-working-tree [2ms]
2025-10-31 21:05:44.439 [info] fatal: not a git repository (or any parent up to mount point /)
Stopping at filesystem boundary (GIT_DISCOVERY_ACROSS_FILESYSTEM not set).
2025-10-31 21:07:36.591 [info] > git rev-parse --show-toplevel [5ms]
2025-10-31 21:07:36.600 [info] > git rev-parse --path-format=relative --show-toplevel [1ms]
2025-10-31 21:07:36.610 [info] > git rev-parse --git-dir --git-common-dir --show-superproject-working-tree [1ms]
2025-10-31 21:07:36.610 [info] fatal: not a git repository (or any parent up to mount point /)
Stopping at filesystem boundary (GIT_DISCOVERY_ACROSS_FILESYSTEM not set).
