2025-11-01 14:07:46.642 [info] Reading sessions from keychain...
2025-11-01 14:07:46.642 [info] Getting sessions for all scopes...
2025-11-01 14:07:46.660 [info] Got stored sessions!
2025-11-01 14:07:46.660 [info] Got 2 verified sessions.
2025-11-01 14:07:46.660 [info] Got 2 sessions for ...
2025-11-01 14:07:46.660 [info] Getting sessions for all scopes...
2025-11-01 14:07:46.660 [info] Got 2 sessions for ...
2025-11-01 14:07:46.660 [info] Getting sessions for all scopes...
2025-11-01 14:07:46.660 [info] Got 2 sessions for ...
2025-11-01 14:07:46.661 [info] Getting sessions for all scopes...
2025-11-01 14:07:46.661 [info] Got 2 sessions for ...
2025-11-01 14:07:46.661 [info] Getting sessions for all scopes...
2025-11-01 14:07:46.661 [info] Got 2 sessions for ...
2025-11-01 14:07:46.661 [info] Getting sessions for all scopes...
2025-11-01 14:07:46.661 [info] Got 2 sessions for ...
2025-11-01 14:07:46.661 [info] Getting sessions for all scopes...
2025-11-01 14:07:46.661 [info] Got 2 sessions for ...
2025-11-01 14:07:46.661 [info] Getting sessions for all scopes...
2025-11-01 14:07:46.661 [info] Got 2 sessions for ...
2025-11-01 14:07:46.661 [info] Getting sessions for all scopes...
2025-11-01 14:07:46.661 [info] Got 2 sessions for ...
2025-11-01 14:07:46.662 [info] Getting sessions for all scopes...
2025-11-01 14:07:46.662 [info] Got 2 sessions for ...
2025-11-01 14:07:46.662 [info] Getting sessions for all scopes...
2025-11-01 14:07:46.662 [info] Got 2 sessions for ...
2025-11-01 14:07:46.662 [info] Getting sessions for all scopes...
2025-11-01 14:07:46.662 [info] Got 2 sessions for ...
2025-11-01 14:07:46.662 [info] Getting sessions for all scopes...
2025-11-01 14:07:46.662 [info] Got 2 sessions for ...
2025-11-01 14:07:46.663 [info] Getting sessions for all scopes...
2025-11-01 14:07:46.663 [info] Got 2 sessions for ...
2025-11-01 14:07:46.663 [info] Getting sessions for all scopes...
2025-11-01 14:07:46.663 [info] Got 2 sessions for ...
2025-11-01 14:07:47.102 [info] Getting sessions for user:email...
2025-11-01 14:07:47.102 [info] Got 1 sessions for user:email...
2025-11-01 14:07:47.179 [info] Getting sessions for all scopes...
2025-11-01 14:07:47.180 [info] Got 2 sessions for ...
2025-11-01 14:07:48.000 [info] Getting sessions for all scopes...
2025-11-01 14:07:48.000 [info] Got 2 sessions for ...
2025-11-01 14:07:48.000 [info] Getting sessions for all scopes...
2025-11-01 14:07:48.000 [info] Got 2 sessions for ...
2025-11-01 14:07:48.007 [info] Getting sessions for all scopes...
2025-11-01 14:07:48.007 [info] Got 2 sessions for ...
2025-11-01 14:07:50.442 [info] FetcherService: Electron fetch failed with status: 429 
2025-11-01 14:07:51.310 [info] FetcherService: Node fetch failed with status: 429 Too Many Requests
2025-11-01 14:07:52.060 [info] FetcherService: Node http/s failed with status: 429 Too Many Requests
